{
  "stats": {
    "suites": 1,
    "tests": 10,
    "passes": 10,
    "pending": 0,
    "failures": 0,
    "start": "2024-10-29T14:45:00.086Z",
    "end": "2024-10-29T14:45:43.455Z",
    "duration": 43369,
    "testsRegistered": 10,
    "passPercent": 100,
    "pendingPercent": 0,
    "other": 0,
    "hasOther": false,
    "skipped": 0,
    "hasSkipped": false
  },
  "results": [
    {
      "uuid": "4fd70743-35ff-4460-aae1-44971f25de8e",
      "title": "",
      "fullFile": "cypress\\e2e\\index.spec.cy.ts",
      "file": "cypress\\e2e\\index.spec.cy.ts",
      "beforeHooks": [],
      "afterHooks": [],
      "tests": [],
      "suites": [
        {
          "uuid": "410087bd-ed8a-4dbb-940d-de010f96f5be",
          "title": "Calculator Tests",
          "fullFile": "",
          "file": "",
          "beforeHooks": [],
          "afterHooks": [],
          "tests": [
            {
              "title": "should have the title \"Calculator App\"",
              "fullTitle": "Calculator Tests should have the title \"Calculator App\"",
              "timedOut": null,
              "duration": 1031,
              "state": "passed",
              "speed": "fast",
              "pass": true,
              "fail": false,
              "pending": false,
              "context": null,
              "code": "cy.get('title').should('have.text', 'Calculator App');",
              "err": {},
              "uuid": "5adacb48-5bf7-4387-aee1-3484f31692f1",
              "parentUUID": "410087bd-ed8a-4dbb-940d-de010f96f5be",
              "isHook": false,
              "skipped": false
            },
            {
              "title": "should display 2 when \"1 + 1 = \" is clicked",
              "fullTitle": "Calculator Tests should display 2 when \"1 + 1 = \" is clicked",
              "timedOut": null,
              "duration": 2581,
              "state": "passed",
              "speed": "fast",
              "pass": true,
              "fail": false,
              "pending": false,
              "context": null,
              "code": "// Assemble\ncy.get('.key-1').click();\ncy.get('.key-add').click();\ncy.get('.key-1').click();\n// Act\ncy.get('.key-equals').click();\n// Assert\ncy.get('.calculator-display').should('have.text', '2');",
              "err": {},
              "uuid": "a96e1547-cb81-43f7-a62b-5ea11b3df7ca",
              "parentUUID": "410087bd-ed8a-4dbb-940d-de010f96f5be",
              "isHook": false,
              "skipped": false
            },
            {
              "title": "should display 11 when \"5.5 * 2 = \" is clicked",
              "fullTitle": "Calculator Tests should display 11 when \"5.5 * 2 = \" is clicked",
              "timedOut": null,
              "duration": 3590,
              "state": "passed",
              "speed": "fast",
              "pass": true,
              "fail": false,
              "pending": false,
              "context": null,
              "code": "// Assemble\ncy.get('.key-5').click();\ncy.get('.key-dot').click();\ncy.get('.key-5').click();\ncy.get('.key-multiply').click();\ncy.get('.key-2').click();\n// Act\ncy.get('.key-equals').click();\n// Assert\ncy.get('.calculator-display').should('have.text', '11');",
              "err": {},
              "uuid": "d80721f9-226f-4f0f-ad5b-28c80b3b94df",
              "parentUUID": "410087bd-ed8a-4dbb-940d-de010f96f5be",
              "isHook": false,
              "skipped": false
            },
            {
              "title": "should display -10 when \"2 - 4 * 2 - 4 = \" is clicked",
              "fullTitle": "Calculator Tests should display -10 when \"2 - 4 * 2 - 4 = \" is clicked",
              "timedOut": null,
              "duration": 4589,
              "state": "passed",
              "speed": "fast",
              "pass": true,
              "fail": false,
              "pending": false,
              "context": null,
              "code": "// Assemble\ncy.get('.key-2').click();\ncy.get('.key-subtract').click();\ncy.get('.key-4').click();\ncy.get('.key-multiply').click();\ncy.get('.key-2').click();\ncy.get('.key-subtract').click();\ncy.get('.key-4').click();\n// Act\ncy.get('.key-equals').click();\n// Assert\ncy.get('.calculator-display').should('have.text', '-10');",
              "err": {},
              "uuid": "d75493a2-39b0-4ed2-9d1b-3615a9982365",
              "parentUUID": "410087bd-ed8a-4dbb-940d-de010f96f5be",
              "isHook": false,
              "skipped": false
            },
            {
              "title": "should display 'Infinity' when \"1 / 0 = \" is clicked",
              "fullTitle": "Calculator Tests should display 'Infinity' when \"1 / 0 = \" is clicked",
              "timedOut": null,
              "duration": 2578,
              "state": "passed",
              "speed": "fast",
              "pass": true,
              "fail": false,
              "pending": false,
              "context": null,
              "code": "// Assemble\ncy.get('.key-1').click();\ncy.get('.key-divide').click();\ncy.get('.key-0').click();\n// Act\ncy.get('.key-equals').click();\n// Assert\ncy.get('.calculator-display').should('have.text', 'Infinity');",
              "err": {},
              "uuid": "3b4564e6-7b82-4944-a1c9-cf41be0eff0a",
              "parentUUID": "410087bd-ed8a-4dbb-940d-de010f96f5be",
              "isHook": false,
              "skipped": false
            },
            {
              "title": "should display 1 when \"4 / 2 / 2 = \" is clicked",
              "fullTitle": "Calculator Tests should display 1 when \"4 / 2 / 2 = \" is clicked",
              "timedOut": null,
              "duration": 3573,
              "state": "passed",
              "speed": "fast",
              "pass": true,
              "fail": false,
              "pending": false,
              "context": null,
              "code": "// Assemble\ncy.get('.key-4').click();\ncy.get('.key-divide').click();\ncy.get('.key-2').click();\ncy.get('.key-divide').click();\ncy.get('.key-2').click();\n// Act\ncy.get('.key-equals').click();\n// Assert\ncy.get('.calculator-display').should('have.text', '1');",
              "err": {},
              "uuid": "063e42ff-51c8-4641-94f6-a7011aaf0b83",
              "parentUUID": "410087bd-ed8a-4dbb-940d-de010f96f5be",
              "isHook": false,
              "skipped": false
            },
            {
              "title": "should display 14 when \"10 + 2 * 8 / 4 = \" is clicked",
              "fullTitle": "Calculator Tests should display 14 when \"10 + 2 * 8 / 4 = \" is clicked",
              "timedOut": null,
              "duration": 5095,
              "state": "passed",
              "speed": "medium",
              "pass": true,
              "fail": false,
              "pending": false,
              "context": null,
              "code": "// Assemble\ncy.get('.key-1').click();\ncy.get('.key-0').click();\ncy.get('.key-add').click();\ncy.get('.key-2').click();\ncy.get('.key-multiply').click();\ncy.get('.key-8').click();\ncy.get('.key-divide').click();\ncy.get('.key-4').click();\n// Act\ncy.get('.key-equals').click();\n// Assert\ncy.get('.calculator-display').should('have.text', '14');",
              "err": {},
              "uuid": "330374c1-1e8e-4afd-97d6-3d054bea5e0c",
              "parentUUID": "410087bd-ed8a-4dbb-940d-de010f96f5be",
              "isHook": false,
              "skipped": false
            },
            {
              "title": "should display 0.3333333333333333 when \"1 / 3 = \" is clicked",
              "fullTitle": "Calculator Tests should display 0.3333333333333333 when \"1 / 3 = \" is clicked",
              "timedOut": null,
              "duration": 2563,
              "state": "passed",
              "speed": "fast",
              "pass": true,
              "fail": false,
              "pending": false,
              "context": null,
              "code": "// Assemble\ncy.get('.key-1').click();\ncy.get('.key-divide').click();\ncy.get('.key-3').click();\n// Act\ncy.get('.key-equals').click();\n// Assert\ncy.get('.calculator-display').should('have.text', '0.3333333333333333');",
              "err": {},
              "uuid": "30de8380-cae8-45c4-ac13-d2b43fe30ce2",
              "parentUUID": "410087bd-ed8a-4dbb-940d-de010f96f5be",
              "isHook": false,
              "skipped": false
            },
            {
              "title": "should display 0 when \"0 * 10 = \" is clicked",
              "fullTitle": "Calculator Tests should display 0 when \"0 * 10 = \" is clicked",
              "timedOut": null,
              "duration": 3074,
              "state": "passed",
              "speed": "fast",
              "pass": true,
              "fail": false,
              "pending": false,
              "context": null,
              "code": "// Assemble\ncy.get('.key-0').click();\ncy.get('.key-multiply').click();\ncy.get('.key-1').click();\ncy.get('.key-0').click();\n// Act\ncy.get('.key-equals').click();\n// Assert\ncy.get('.calculator-display').should('have.text', '0');",
              "err": {},
              "uuid": "9fc2df02-d623-41ea-a75a-b54bd6860a23",
              "parentUUID": "410087bd-ed8a-4dbb-940d-de010f96f5be",
              "isHook": false,
              "skipped": false
            },
            {
              "title": "should display 246913578 when \"123456789+123456789 =\" is clicked",
              "fullTitle": "Calculator Tests should display 246913578 when \"123456789+123456789 =\" is clicked",
              "timedOut": null,
              "duration": 10665,
              "state": "passed",
              "speed": "slow",
              "pass": true,
              "fail": false,
              "pending": false,
              "context": null,
              "code": "// Assemble\ncy.get('.key-1').click();\ncy.get('.key-2').click();\ncy.get('.key-3').click();\ncy.get('.key-4').click();\ncy.get('.key-5').click();\ncy.get('.key-6').click();\ncy.get('.key-7').click();\ncy.get('.key-8').click();\ncy.get('.key-9').click();\ncy.get('.key-add').click();\ncy.get('.key-1').click();\ncy.get('.key-2').click();\ncy.get('.key-3').click();\ncy.get('.key-4').click();\ncy.get('.key-5').click();\ncy.get('.key-6').click();\ncy.get('.key-7').click();\ncy.get('.key-8').click();\ncy.get('.key-9').click();\n// Act\ncy.get('.key-equals').click();\n// Assert\ncy.get('.calculator-display').should('have.text', '246913578');",
              "err": {},
              "uuid": "f30ff44c-b0ac-4f2d-88ae-59fe62194d23",
              "parentUUID": "410087bd-ed8a-4dbb-940d-de010f96f5be",
              "isHook": false,
              "skipped": false
            }
          ],
          "suites": [],
          "passes": [
            "5adacb48-5bf7-4387-aee1-3484f31692f1",
            "a96e1547-cb81-43f7-a62b-5ea11b3df7ca",
            "d80721f9-226f-4f0f-ad5b-28c80b3b94df",
            "d75493a2-39b0-4ed2-9d1b-3615a9982365",
            "3b4564e6-7b82-4944-a1c9-cf41be0eff0a",
            "063e42ff-51c8-4641-94f6-a7011aaf0b83",
            "330374c1-1e8e-4afd-97d6-3d054bea5e0c",
            "30de8380-cae8-45c4-ac13-d2b43fe30ce2",
            "9fc2df02-d623-41ea-a75a-b54bd6860a23",
            "f30ff44c-b0ac-4f2d-88ae-59fe62194d23"
          ],
          "failures": [],
          "pending": [],
          "skipped": [],
          "duration": 39339,
          "root": false,
          "rootEmpty": false,
          "_timeout": 2000
        }
      ],
      "passes": [],
      "failures": [],
      "pending": [],
      "skipped": [],
      "duration": 0,
      "root": true,
      "rootEmpty": true,
      "_timeout": 2000
    }
  ],
  "meta": {
    "mocha": {
      "version": "7.0.1"
    },
    "mochawesome": {
      "options": {
        "quiet": false,
        "reportFilename": "mochawesome",
        "saveHtml": true,
        "saveJson": true,
        "consoleReporter": "spec",
        "useInlineDiffs": false,
        "code": true
      },
      "version": "7.1.3"
    },
    "marge": {
      "options": {
        "reportDir": "cypress/results",
        "overwrite": true,
        "html": true,
        "json": true
      },
      "version": "6.2.0"
    }
  }
}